<?xml version="1.0" encoding="UTF-8"?>
<!-- Generated by org.testng.reporters.JUnitXMLReporter -->
<testsuite hostname="5CG6455WQ2" ignored="0" name="Hello Test!" tests="4" failures="0" timestamp="16 wrz 2017 13:41:50 GMT" time="2.112" errors="0">
  <testcase name="firstTest" time="0.013" classname="xing.brokenworldserver.SimpleModelTest"/>
  <testcase name="secondTest" time="0.001" classname="xing.brokenworldserver.SimpleModelTest"/>
  <testcase name="getFactoryTest" time="1.974" classname="xing.brokenworldserver.UtilsTest"/>
  <testcase name="getSessionTest" time="0.101" classname="xing.brokenworldserver.UtilsTest"/>
</testsuite> <!-- Hello Test! -->
