<?xml version="1.0" encoding="UTF-8"?>
<testng-results skipped="0" failed="0" ignored="0" total="4" passed="4">
  <reporter-output>
  </reporter-output>
  <suite name="My First TestNG test" duration-ms="2112" started-at="2017-09-16T13:41:48Z" finished-at="2017-09-16T13:41:50Z">
    <groups>
    </groups>
    <test name="Hello Test!" duration-ms="2112" started-at="2017-09-16T13:41:48Z" finished-at="2017-09-16T13:41:50Z">
      <class name="xing.brokenworldserver.UtilsTest">
        <test-method status="PASS" signature="getFactoryTest()[pri:0, instance:xing.brokenworldserver.UtilsTest@45c8e616]" name="getFactoryTest" duration-ms="1974" started-at="2017-09-16T15:41:48Z" finished-at="2017-09-16T15:41:50Z">
          <reporter-output>
          </reporter-output>
        </test-method> <!-- getFactoryTest -->
        <test-method status="PASS" signature="getSessionTest()[pri:0, instance:xing.brokenworldserver.UtilsTest@45c8e616]" name="getSessionTest" duration-ms="101" started-at="2017-09-16T15:41:50Z" finished-at="2017-09-16T15:41:50Z">
          <reporter-output>
          </reporter-output>
        </test-method> <!-- getSessionTest -->
      </class> <!-- xing.brokenworldserver.UtilsTest -->
      <class name="xing.brokenworldserver.SimpleModelTest">
        <test-method status="PASS" signature="firstTest()[pri:0, instance:xing.brokenworldserver.SimpleModelTest@11531931]" name="firstTest" duration-ms="13" started-at="2017-09-16T15:41:48Z" finished-at="2017-09-16T15:41:48Z">
          <reporter-output>
          </reporter-output>
        </test-method> <!-- firstTest -->
        <test-method status="PASS" signature="secondTest()[pri:0, instance:xing.brokenworldserver.SimpleModelTest@11531931]" name="secondTest" duration-ms="1" started-at="2017-09-16T15:41:48Z" finished-at="2017-09-16T15:41:48Z">
          <reporter-output>
          </reporter-output>
        </test-method> <!-- secondTest -->
      </class> <!-- xing.brokenworldserver.SimpleModelTest -->
    </test> <!-- Hello Test! -->
  </suite> <!-- My First TestNG test -->
</testng-results>
