<?xml version="1.0" encoding="UTF-8"?>
<!-- Generated by org.testng.reporters.JUnitXMLReporter -->
<testsuite hostname="5CG6455WQ2" ignored="0" name="Hello Test!" tests="4" failures="0" timestamp="17 wrz 2017 12:06:39 GMT" time="2.467" errors="0">
  <testcase name="firstTest" time="0.016" classname="xing.brokenworldserver.SimpleModelTest"/>
  <testcase name="secondTest" time="0.0" classname="xing.brokenworldserver.SimpleModelTest"/>
  <testcase name="getFactoryTest" time="2.327" classname="xing.brokenworldserver.UtilsTest"/>
  <testcase name="getSessionTest" time="0.109" classname="xing.brokenworldserver.UtilsTest"/>
</testsuite> <!-- Hello Test! -->
